<?xml version="1.0" encoding="UTF-8" ?>
<testsuites>
 <testsuite name="LogIn tests" timestamp="2019-04-02T17:29:34" hostname="localhost" time="4.198" errors="0" tests="2" skipped="0" failures="0">
  <testcase classname="LogIn tests" name="Test verifies that user can login using valid credentials" time="4.194">
  </testcase>
  <testcase classname="LogIn tests" name="Test verifies that user can not login using invalid credentials" time="0">
  </testcase>
 </testsuite>
 <testsuite name="Registration test" timestamp="2019-04-02T17:29:39" hostname="localhost" time="0.001" errors="0" tests="1" skipped="0" failures="0">
  <testcase classname="Registration test" name="Test verifies that user can create an account and login in it" time="0">
  </testcase>
 </testsuite>
</testsuites>