<?xml version="1.0" encoding="UTF-8" ?>
<testsuites>
 <testsuite name="LogIn tests" timestamp="2019-03-15T12:53:29" hostname="localhost" time="35.824" errors="0" tests="2" skipped="0" failures="1">
  <testcase classname="LogIn tests" name="Test verifies that user can login using valid credentials" time="4.877">
  </testcase>
  <testcase classname="LogIn tests" name="Test verifies that user can not login using invalid credentials" time="30.935">
   <failure type="exception" message="Error: Timeout - Async callback was not invoked within timeout specified by jasmine.DEFAULT_TIMEOUT_INTERVAL."><![CDATA[Error: Timeout - Async callback was not invoked within timeout specified by jasmine.DEFAULT_TIMEOUT_INTERVAL.
    at Timeout._onTimeout (C:\Users\odziu\js_triton\node_modules\jasmine-core\lib\jasmine-core\jasmine.js:4281:23)
    at ontimeout (timers.js:436:11)
    at tryOnTimeout (timers.js:300:5)
    at listOnTimeout (timers.js:263:5)
    at Timer.processTimers (timers.js:223:10)]]>
   </failure>
  </testcase>
 </testsuite>
 <testsuite name="Registration test" timestamp="2019-03-15T12:54:05" hostname="localhost" time="0.005" errors="0" tests="1" skipped="1" failures="0">
  <testcase classname="Registration test" name="Test verifies that user can create an account and login in it" time="0.002"><skipped />
  </testcase>
 </testsuite>
</testsuites>